  Source.cpp
D:\NewDesktop\Programming\VS projects\Fields++\Fields++\Source.cpp(57,47): warning C4305: 'initializing': truncation from 'double' to 'float'
D:\NewDesktop\Programming\VS projects\Fields++\Fields++\Source.cpp(58,51): warning C4305: 'initializing': truncation from 'double' to 'float'
D:\NewDesktop\Programming\VS projects\Fields++\Fields++\Source.cpp(60,39): warning C4305: 'initializing': truncation from 'double' to 'float'
D:\NewDesktop\Programming\VS projects\Fields++\Fields++\Source.cpp(61,40): warning C4305: 'initializing': truncation from 'double' to 'float'
D:\NewDesktop\Programming\VS projects\Fields++\Fields++\Source.cpp(63,32): warning C4305: 'initializing': truncation from 'double' to 'float'
D:\NewDesktop\Programming\VS projects\Fields++\Fields++\Source.cpp(91,36): warning C4244: '=': conversion from 'float' to 'char', possible loss of data
D:\NewDesktop\Programming\VS projects\Fields++\Fields++\Source.cpp(92,37): warning C4244: '=': conversion from 'float' to 'char', possible loss of data
D:\NewDesktop\Programming\VS projects\Fields++\Fields++\Source.cpp(186,12): warning C4244: 'argument': conversion from 'time_t' to 'unsigned int', possible loss of data
D:\NewDesktop\Programming\VS projects\Fields++\Fields++\Source.cpp(195,11): warning C4244: 'initializing': conversion from 'double' to 'float', possible loss of data
D:\NewDesktop\Programming\VS projects\Fields++\Fields++\Source.cpp(196,11): warning C4244: 'initializing': conversion from 'double' to 'float', possible loss of data
D:\NewDesktop\Programming\VS projects\Fields++\Fields++\Source.cpp(197,12): warning C4244: 'initializing': conversion from 'double' to 'float', possible loss of data
D:\NewDesktop\Programming\VS projects\Fields++\Fields++\Source.cpp(198,12): warning C4244: 'initializing': conversion from 'double' to 'float', possible loss of data
D:\NewDesktop\Programming\VS projects\Fields++\Fields++\Source.cpp(210,17): warning C4244: '=': conversion from 'double' to 'float', possible loss of data
  Generating code
  7 of 220 functions ( 3.2%) were compiled, the rest were copied from previous compilation.
    2 functions were new in current compilation
    0 functions had inline decision re-evaluated but remain unchanged
  Finished generating code
  Fields++.vcxproj -> D:\NewDesktop\Programming\VS projects\Fields++\x64\Release\Fields++.exe
